#
# There is insufficient memory for the Java Runtime Environment to continue.
# Native memory allocation (mmap) failed to map 262144000 bytes for G1 virtual space
# Possible reasons:
#   The system is out of physical RAM or swap space
#   The process is running with CompressedOops enabled, and the Java Heap may be blocking the growth of the native heap
# Possible solutions:
#   Reduce memory load on the system
#   Increase physical memory or swap space
#   Check if swap backing store is full
#   Decrease Java heap size (-Xmx/-Xms)
#   Decrease number of Java threads
#   Decrease Java thread stack sizes (-Xss)
#   Set larger code cache with -XX:ReservedCodeCacheSize=
#   JVM is running with Zero Based Compressed Oops mode in which the Java heap is
#     placed in the first 32GB address space. The Java Heap base address is the
#     maximum limit for the native heap growth. Please use -XX:HeapBaseMinAddress
#     to set the Java Heap base and to place the Java Heap above 32GB virtual address.
# This output file may be truncated or incomplete.
#
#  Out of Memory Error (os_windows.cpp:3469), pid=14380, tid=21312
#
# JRE version:  (17.0+35) (build )
# Java VM: Java HotSpot(TM) 64-Bit Server VM (17+35-LTS-2724, mixed mode, sharing, tiered, compressed oops, compressed class ptrs, g1 gc, windows-amd64)
# No core dump will be written. Minidumps are not enabled by default on client versions of Windows
#

---------------  S U M M A R Y ------------

Command Line: C:\Users\Eric\AppData\Local\Temp\surefire17748687015553523040\surefirebooter-20241028133413131_3.jar C:\Users\Eric\AppData\Local\Temp\surefire17748687015553523040 2024-10-28T13-34-12_628-jvmRun1 surefire-20241028133413131_1tmp surefire_0-20241028133413131_2tmp

Host: Intel(R) Core(TM) i7-1065G7 CPU @ 1.30GHz, 8 cores, 15G,  Windows 10 , 64 bit Build 22621 (10.0.22621.3958)
Time: Mon Oct 28 13:34:13 2024 Pacific Daylight Time elapsed time: 0.028728 seconds (0d 0h 0m 0s)

---------------  T H R E A D  ---------------

Current thread (0x0000017c86a42210):  JavaThread "Unknown thread" [_thread_in_vm, id=21312, stack(0x00000027eff00000,0x00000027f0000000)]

Stack: [0x00000027eff00000,0x00000027f0000000]
Native frames: (J=compiled Java code, j=interpreted, Vv=VM code, C=native code)
V  [jvm.dll+0x66f8ea]
V  [jvm.dll+0x7ce224]
V  [jvm.dll+0x7cf9ce]
V  [jvm.dll+0x7d0033]
V  [jvm.dll+0x242bb5]
V  [jvm.dll+0x66c909]
V  [jvm.dll+0x6613d2]
V  [jvm.dll+0x30082b]
V  [jvm.dll+0x307db6]
V  [jvm.dll+0x357a0e]
V  [jvm.dll+0x357c3f]
V  [jvm.dll+0x2d7ae8]
V  [jvm.dll+0x2d8a54]
V  [jvm.dll+0x7a00a1]
V  [jvm.dll+0x365781]
V  [jvm.dll+0x77f59c]
V  [jvm.dll+0x3e805f]
V  [jvm.dll+0x3e9b01]
C  [jli.dll+0x527b]
C  [ucrtbase.dll+0x29333]
C  [KERNEL32.DLL+0x1257d]
C  [ntdll.dll+0x5af08]


---------------  P R O C E S S  ---------------

Threads class SMR info:
_java_thread_list=0x00007ffcd1997818, length=0, elements={
}

Java Threads: ( => current thread )

Other Threads:
  0x0000017c86a941b0 GCTaskThread "GC Thread#0" [stack: 0x00000027f0000000,0x00000027f0100000] [id=21336]
  0x0000017c86aa4a80 ConcurrentGCThread "G1 Main Marker" [stack: 0x00000027f0100000,0x00000027f0200000] [id=18732]
  0x0000017c86aa64a0 ConcurrentGCThread "G1 Conc#0" [stack: 0x00000027f0200000,0x00000027f0300000] [id=12464]

[error occurred during error reporting (printing all threads), id 0xc0000005, EXCEPTION_ACCESS_VIOLATION (0xc0000005) at pc=0x00007ffcd11e84c7]

VM state: not at safepoint (not fully initialized)

VM Mutex/Monitor currently owned by a thread:  ([mutex/lock_event])
[0x0000017c86a3e3f0] Heap_lock - owner thread: 0x0000017c86a42210

Heap address: 0x0000000706600000, size: 3994 MB, Compressed Oops mode: Zero based, Oop shift amount: 3

CDS archive(s) mapped at: [0x0000000000000000-0x0000000000000000-0x0000000000000000), size 0, SharedBaseAddress: 0x0000000800000000, ArchiveRelocationMode: 0.
Narrow klass base: 0x0000000000000000, Narrow klass shift: 0, Narrow klass range: 0x0

GC Precious Log:
<Empty>

Heap:
 garbage-first heap   total 0K, used 0K [0x0000000706600000, 0x0000000800000000)
  region size 2048K, 0 young (0K), 0 survivors (0K)

[error occurred during error reporting (printing heap information), id 0xc0000005, EXCEPTION_ACCESS_VIOLATION (0xc0000005) at pc=0x00007ffcd15c8c59]

GC Heap History (0 events):
No events

Deoptimization events (0 events):
No events

Classes unloaded (0 events):
No events

Classes redefined (0 events):
No events

Internal exceptions (0 events):
No events

VM Operations (0 events):
No events

Events (1 events):
Event: 0.015 Loaded shared library C:\Program Files\Java\jdk-17\bin\java.dll


Dynamic libraries:
0x00007ff7ce4d0000 - 0x00007ff7ce4e0000 	C:\Program Files\Java\jdk-17\bin\java.exe
0x00007ffd2de70000 - 0x00007ffd2e087000 	C:\WINDOWS\SYSTEM32\ntdll.dll
0x00007ffd2d7c0000 - 0x00007ffd2d884000 	C:\WINDOWS\System32\KERNEL32.DLL
0x00007ffd2b520000 - 0x00007ffd2b8d7000 	C:\WINDOWS\System32\KERNELBASE.dll
0x00007ffd2b8e0000 - 0x00007ffd2b9f1000 	C:\WINDOWS\System32\ucrtbase.dll
0x00007ffd10ca0000 - 0x00007ffd10cb8000 	C:\Program Files\Java\jdk-17\bin\jli.dll
0x00007ffd0c9e0000 - 0x00007ffd0c9fa000 	C:\Program Files\Java\jdk-17\bin\VCRUNTIME140.dll
0x00007ffd2cce0000 - 0x00007ffd2cd92000 	C:\WINDOWS\System32\ADVAPI32.dll
0x00007ffd2c220000 - 0x00007ffd2c2c7000 	C:\WINDOWS\System32\msvcrt.dll
0x00007ffd2be50000 - 0x00007ffd2bef8000 	C:\WINDOWS\System32\sechost.dll
0x00007ffd2b1f0000 - 0x00007ffd2b218000 	C:\WINDOWS\System32\bcrypt.dll
0x00007ffd2c100000 - 0x00007ffd2c214000 	C:\WINDOWS\System32\RPCRT4.dll
0x00007ffd2cda0000 - 0x00007ffd2cf4f000 	C:\WINDOWS\System32\USER32.dll
0x00007ffd2ba00000 - 0x00007ffd2ba26000 	C:\WINDOWS\System32\win32u.dll
0x00007ffd2bda0000 - 0x00007ffd2bdc9000 	C:\WINDOWS\System32\GDI32.dll
0x00007ffd2b220000 - 0x00007ffd2b338000 	C:\WINDOWS\System32\gdi32full.dll
0x00007ffd2b3c0000 - 0x00007ffd2b45a000 	C:\WINDOWS\System32\msvcp_win.dll
0x00007ffd08620000 - 0x00007ffd088b3000 	C:\WINDOWS\WinSxS\amd64_microsoft.windows.common-controls_6595b64144ccf1df_6.0.22621.3672_none_2713b9d173822955\COMCTL32.dll
0x00007ffd20510000 - 0x00007ffd2051a000 	C:\WINDOWS\SYSTEM32\VERSION.dll
0x00007ffd2cca0000 - 0x00007ffd2ccd1000 	C:\WINDOWS\System32\IMM32.DLL
0x00007ffd12720000 - 0x00007ffd1272c000 	C:\Program Files\Java\jdk-17\bin\vcruntime140_1.dll
0x00007ffcf1cd0000 - 0x00007ffcf1d5d000 	C:\Program Files\Java\jdk-17\bin\msvcp140.dll
0x00007ffcd0f00000 - 0x00007ffcd1abe000 	C:\Program Files\Java\jdk-17\bin\server\jvm.dll
0x00007ffd2cad0000 - 0x00007ffd2cad8000 	C:\WINDOWS\System32\PSAPI.DLL
0x00007ffd0f8a0000 - 0x00007ffd0f8a9000 	C:\WINDOWS\SYSTEM32\WSOCK32.dll
0x00007ffd23ac0000 - 0x00007ffd23af4000 	C:\WINDOWS\SYSTEM32\WINMM.dll
0x00007ffd2bdd0000 - 0x00007ffd2be41000 	C:\WINDOWS\System32\WS2_32.dll
0x00007ffd2a190000 - 0x00007ffd2a1a8000 	C:\WINDOWS\SYSTEM32\kernel.appcore.dll
0x00007ffd11f20000 - 0x00007ffd11f2a000 	C:\Program Files\Java\jdk-17\bin\jimage.dll
0x00007ffd289a0000 - 0x00007ffd28bd2000 	C:\WINDOWS\SYSTEM32\DBGHELP.DLL
0x00007ffd2c380000 - 0x00007ffd2c70e000 	C:\WINDOWS\System32\combase.dll
0x00007ffd2bca0000 - 0x00007ffd2bd77000 	C:\WINDOWS\System32\OLEAUT32.dll
0x00007ffd193c0000 - 0x00007ffd193f2000 	C:\WINDOWS\SYSTEM32\dbgcore.DLL
0x00007ffd2b340000 - 0x00007ffd2b3bb000 	C:\WINDOWS\System32\bcryptPrimitives.dll
0x00007ffd0c4d0000 - 0x00007ffd0c4f5000 	C:\Program Files\Java\jdk-17\bin\java.dll

dbghelp: loaded successfully - version: 4.0.5 - missing functions: none
symbol engine: initialized successfully - sym options: 0x614 - pdb path: .;C:\Program Files\Java\jdk-17\bin;C:\WINDOWS\SYSTEM32;C:\WINDOWS\WinSxS\amd64_microsoft.windows.common-controls_6595b64144ccf1df_6.0.22621.3672_none_2713b9d173822955;C:\Program Files\Java\jdk-17\bin\server

VM Arguments:
java_command: C:\Users\Eric\AppData\Local\Temp\surefire17748687015553523040\surefirebooter-20241028133413131_3.jar C:\Users\Eric\AppData\Local\Temp\surefire17748687015553523040 2024-10-28T13-34-12_628-jvmRun1 surefire-20241028133413131_1tmp surefire_0-20241028133413131_2tmp
java_class_path (initial): C:\Users\Eric\AppData\Local\Temp\surefire17748687015553523040\surefirebooter-20241028133413131_3.jar
Launcher Type: SUN_STANDARD

[Global flags]
     intx CICompilerCount                          = 4                                         {product} {ergonomic}
     uint ConcGCThreads                            = 2                                         {product} {ergonomic}
     uint G1ConcRefinementThreads                  = 8                                         {product} {ergonomic}
   size_t G1HeapRegionSize                         = 2097152                                   {product} {ergonomic}
    uintx GCDrainStackTargetSize                   = 64                                        {product} {ergonomic}
   size_t InitialHeapSize                          = 262144000                                 {product} {ergonomic}
   size_t MarkStackSize                            = 4194304                                   {product} {ergonomic}
   size_t MaxHeapSize                              = 4188012544                                {product} {ergonomic}
   size_t MinHeapDeltaBytes                        = 2097152                                   {product} {ergonomic}
   size_t MinHeapSize                              = 8388608                                   {product} {ergonomic}
    uintx NonNMethodCodeHeapSize                   = 5839372                                {pd product} {ergonomic}
    uintx NonProfiledCodeHeapSize                  = 122909434                              {pd product} {ergonomic}
    uintx ProfiledCodeHeapSize                     = 122909434                              {pd product} {ergonomic}
    uintx ReservedCodeCacheSize                    = 251658240                              {pd product} {ergonomic}
     bool SegmentedCodeCache                       = true                                      {product} {ergonomic}
   size_t SoftMaxHeapSize                          = 4188012544                             {manageable} {ergonomic}
     bool UseCompressedClassPointers               = true                           {product lp64_product} {ergonomic}
     bool UseCompressedOops                        = true                           {product lp64_product} {ergonomic}
     bool UseG1GC                                  = true                                      {product} {ergonomic}
     bool UseLargePagesIndividualAllocation        = false                                  {pd product} {ergonomic}

Logging:
Log output configuration:
 #0: stdout all=warning uptime,level,tags
 #1: stderr all=off uptime,level,tags

Environment Variables:
JAVA_HOME=C:\Program Files\Java\jdk-17
PATH=C:\Program Files\Common Files\Oracle\Java\javapath\Users\Eric\.idea\apache-maven-3.8.5\bin;C:\Program Files (x86)\Common Files\Oracle\Java\javapath\Users\Eric\.idea\apache-maven-3.8.5\bin;C:\WINDOWS\system32;C:\WINDOWS;C:\WINDOWS\System32\Wbem;C:\WINDOWS\System32\WindowsPowerShell\v1.0\;C:\WINDOWS\System32\OpenSSH\;C:\Program Files\Wolfram Research\WolframScript\;C:\Program Files\nodejs\;C:\Program Files\Azure Data Studio\bin;C:\Program Files\Git\cmd;C:\Program Files (x86)\Microsoft SQL Server\160\DTS\Binn\;C:\Users\Eric\.idea;C:\Program Files\Java\jdk-17\bin;C:\CSE_WORK\apache-maven-3.9.9\bin;C:\Users\Eric\AppData\Local\Microsoft\WindowsApps;C:\Users\Eric\AppData\Local\Programs\Microsoft VS Code\bin;C:\Users\Eric\AppData\Roaming\npm;C:\MinGW\bin;C:\Program Files\Azure Data Studio\bin;C:\Users\Eric\.idea;
USERNAME=Eric
LANG=en_US.UTF-8
OS=Windows_NT
PROCESSOR_IDENTIFIER=Intel64 Family 6 Model 126 Stepping 5, GenuineIntel



---------------  S Y S T E M  ---------------

OS:
 Windows 10 , 64 bit Build 22621 (10.0.22621.3958)
OS uptime: 3 days 18:59 hours
Hyper-V role detected

CPU: total 8 (initial active 8) (4 cores per cpu, 2 threads per core) family 6 model 126 stepping 5 microcode 0xc6, cx8, cmov, fxsr, ht, mmx, 3dnowpref, sse, sse2, sse3, ssse3, sse4.1, sse4.2, popcnt, lzcnt, tsc, tscinvbit, avx, avx2, aes, erms, clmul, bmi1, bmi2, adx, avx512f, avx512dq, avx512cd, avx512bw, avx512vl, sha, fma, vzeroupper, avx512_vpopcntdq, avx512_vpclmulqdq, avx512_vaes, avx512_vnni, clflush, clflushopt, avx512_vbmi2, avx512_vbmi, hv

Memory: 4k page, system-wide physical 15970M (2848M free)
TotalPageFile size 20096M (AvailPageFile size 209M)
current process WorkingSet (physical memory assigned to process): 11M, peak: 11M
current process commit charge ("private bytes"): 60M, peak: 310M

vm_info: Java HotSpot(TM) 64-Bit Server VM (17+35-LTS-2724) for windows-amd64 JRE (17+35-LTS-2724), built on Aug  5 2021 23:28:28 by "mach5one" with MS VC++ 16.8 (VS2019)

END.
